<?xml version="1.0" encoding="UTF-8"?>
<!-- Generated by org.testng.reporters.JUnitXMLReporter -->
<testsuite ignored="1" hostname="Girish-Kalyan-Mac.local" failures="0" tests="2" name="Default test" time="76.903" errors="0" timestamp="2025-02-15T15:44:12 IST">
  <testcase classname="Automated.Tests.OrderE2ETest" name="orderZaraCoat" time="26.012"/>
  <testcase classname="Automated.Tests.OrderE2ETest" name="orderZaraCoat" time="24.844"/>
  <testcase classname="Automated.Tests.OrderE2ETest" name="checkOrder" time="0.0">
    <ignored/>
  </testcase> <!-- checkOrder -->
</testsuite> <!-- Default test -->
