<?xml version="1.0" encoding="UTF-8"?>
<!-- Generated by org.testng.reporters.JUnitXMLReporter -->
<testsuite ignored="0" hostname="Girish-Kalyan-Mac.local" failures="0" tests="3" name="Positive Test" time="91.479" errors="0" timestamp="2025-02-15T16:00:26 IST">
  <testcase classname="Automated.Tests.OrderE2ETest" name="orderZaraCoat" time="23.087"/>
  <testcase classname="Automated.Tests.OrderE2ETest" name="orderZaraCoat" time="28.181"/>
  <testcase classname="Automated.Tests.OrderE2ETest" name="checkOrder" time="4.337"/>
</testsuite> <!-- Positive Test -->
