<?xml version="1.0" encoding="UTF-8"?>
<!-- Generated by org.testng.reporters.JUnitXMLReporter -->
<testsuite ignored="0" hostname="Girish-Kalyan-Mac.local" failures="0" tests="3" name="Positive Test" time="31.035" errors="0" timestamp="2025-02-16T15:02:32 IST">
  <testcase classname="Automated.Tests.OrderE2ETest" name="checkOrder" time="0.378"/>
  <testcase classname="Automated.Tests.OrderE2ETest" name="orderZaraCoat" time="11.097"/>
  <testcase classname="Automated.Tests.OrderE2ETest" name="orderZaraCoat" time="11.084"/>
</testsuite> <!-- Positive Test -->
