<?xml version="1.0" encoding="UTF-8"?>
<testsuite xmlns:xsi="http://www.w3.org/2001/XMLSchema-instance" xsi:noNamespaceSchemaLocation="https://maven.apache.org/surefire/maven-surefire-plugin/xsd/surefire-test-report.xsd" version="3.0.2" name="TestSuite" time="31.296" tests="5" errors="0" skipped="0" failures="0">
  <properties>
[...]
</properties>
  <testcase name="errorTest" classname="Automated.Tests.NegativeTest" time="0.204">
    <system-out><![CDATA[Test Suite Started: Negative Test
Test Suite Started: Positive Test
Test Started: errorTest
Test Started: checkOrder
Test Passed: errorTest
]]></system-out>
    <system-err><![CDATA[SLF4J: Failed to load class "org.slf4j.impl.StaticLoggerBinder".
SLF4J: Defaulting to no-operation (NOP) logger implementation
SLF4J: See http://www.slf4j.org/codes.html#StaticLoggerBinder for further details.
Feb 16, 2025 3:02:03 PM org.openqa.selenium.devtools.CdpVersionFinder findNearestMatch
WARNING: Unable to find an exact match for CDP version 133, returning the closest version; found: 130; Please update to a Selenium version that supports CDP version 133
Feb 16, 2025 3:02:03 PM org.openqa.selenium.devtools.CdpVersionFinder findNearestMatch
WARNING: Unable to find an exact match for CDP version 133, returning the closest version; found: 130; Please update to a Selenium version that supports CDP version 133
]]></system-err>
  </testcase>
  <testcase name="productErrorValidation" classname="Automated.Tests.NegativeTest" time="8.442">
    <system-out><![CDATA[Test Started: productErrorValidation
Test Started: orderZaraCoat
Test Passed: productErrorValidation
]]></system-out>
    <system-err><![CDATA[Feb 16, 2025 3:02:05 PM org.openqa.selenium.devtools.CdpVersionFinder findNearestMatch
WARNING: Unable to find an exact match for CDP version 133, returning the closest version; found: 130; Please update to a Selenium version that supports CDP version 133
Feb 16, 2025 3:02:06 PM org.openqa.selenium.devtools.CdpVersionFinder findNearestMatch
WARNING: Unable to find an exact match for CDP version 133, returning the closest version; found: 130; Please update to a Selenium version that supports CDP version 133
]]></system-err>
  </testcase>
  <testcase name="checkOrder" classname="Automated.Tests.OrderE2ETest" time="0.378">
    <system-out><![CDATA[Test Passed: checkOrder
]]></system-out>
  </testcase>
  <testcase name="orderZaraCoat[{password=Kk@12345, email=raavan123@nomail.com, myprod=ZARA COAT 3}](1)" classname="Automated.Tests.OrderE2ETest" time="11.1">
    <system-out><![CDATA[Test Suite Finished: Negative Test
Test Passed: orderZaraCoat
]]></system-out>
  </testcase>
  <testcase name="orderZaraCoat[{password=Kk@12345, email=raavan123@nomail.com, myprod=ZARA COAT 3}](2)" classname="Automated.Tests.OrderE2ETest" time="11.084">
    <system-out><![CDATA[Test Started: orderZaraCoat
Test Passed: orderZaraCoat
]]></system-out>
    <system-err><![CDATA[Feb 16, 2025 3:02:20 PM org.openqa.selenium.devtools.CdpVersionFinder findNearestMatch
WARNING: Unable to find an exact match for CDP version 133, returning the closest version; found: 130; Please update to a Selenium version that supports CDP version 133
]]></system-err>
  </testcase>
</testsuite>