<?xml version="1.0" encoding="UTF-8"?>
<testng-results ignored="0" total="2" passed="2" failed="0" skipped="0">
  <reporter-output>
  </reporter-output>
  <suite started-at="2025-02-16T19:30:12 IST" name="Default suite" finished-at="2025-02-16T19:31:08 IST" duration-ms="56241">
    <groups>
      <group name="ErrorHandling">
        <method signature="NegativeTest.errorTest()[pri:0, instance:Automated.Tests.NegativeTest@1b2abca6]" name="errorTest" class="Automated.Tests.NegativeTest"/>
        <method signature="NegativeTest.productErrorValidation()[pri:0, instance:Automated.Tests.NegativeTest@1b2abca6]" name="productErrorValidation" class="Automated.Tests.NegativeTest"/>
      </group> <!-- ErrorHandling -->
    </groups>
    <test started-at="2025-02-16T19:30:12 IST" name="Default test" finished-at="2025-02-16T19:31:08 IST" duration-ms="56241">
      <class name="Automated.Tests.NegativeTest">
        <test-method is-config="true" signature="launchApp()[pri:0, instance:Automated.Tests.NegativeTest@1b2abca6]" started-at="2025-02-16T19:30:12 IST" name="launchApp" finished-at="2025-02-16T19:30:28 IST" duration-ms="15595" status="PASS">
          <reporter-output>
          </reporter-output>
        </test-method> <!-- launchApp -->
        <test-method signature="errorTest()[pri:0, instance:Automated.Tests.NegativeTest@1b2abca6]" started-at="2025-02-16T19:30:28 IST" name="errorTest" finished-at="2025-02-16T19:30:33 IST" duration-ms="5017" status="PASS">
          <reporter-output>
          </reporter-output>
        </test-method> <!-- errorTest -->
        <test-method is-config="true" signature="closeDriver()[pri:0, instance:Automated.Tests.NegativeTest@1b2abca6]" started-at="2025-02-16T19:30:33 IST" name="closeDriver" finished-at="2025-02-16T19:30:33 IST" duration-ms="144" status="PASS">
          <reporter-output>
          </reporter-output>
        </test-method> <!-- closeDriver -->
        <test-method is-config="true" signature="launchApp()[pri:0, instance:Automated.Tests.NegativeTest@1b2abca6]" started-at="2025-02-16T19:30:33 IST" name="launchApp" finished-at="2025-02-16T19:30:48 IST" duration-ms="15317" status="PASS">
          <reporter-output>
          </reporter-output>
        </test-method> <!-- launchApp -->
        <test-method signature="productErrorValidation()[pri:0, instance:Automated.Tests.NegativeTest@1b2abca6]" started-at="2025-02-16T19:30:48 IST" name="productErrorValidation" finished-at="2025-02-16T19:31:08 IST" duration-ms="19989" status="PASS">
          <reporter-output>
          </reporter-output>
        </test-method> <!-- productErrorValidation -->
        <test-method is-config="true" signature="closeDriver()[pri:0, instance:Automated.Tests.NegativeTest@1b2abca6]" started-at="2025-02-16T19:31:08 IST" name="closeDriver" finished-at="2025-02-16T19:31:08 IST" duration-ms="135" status="PASS">
          <reporter-output>
          </reporter-output>
        </test-method> <!-- closeDriver -->
      </class> <!-- Automated.Tests.NegativeTest -->
    </test> <!-- Default test -->
  </suite> <!-- Default suite -->
</testng-results>
